g++ -std=c++14 -c tests.cpp
g++ -o tests tests.o funcs.o
/usr/lib/gcc/x86_64-linux-gnu/5/../../../x86_64-linux-gnu/crt1.o: In function `_start':
(.text+0x20): undefined reference to `main'
tests.o: In function `_DOCTEST_ANON_FUNC_2()':
tests.cpp:(.text+0x3e): undefined reference to `doctest::detail::ResultBuilder::ResultBuilder(doctest::detail::assertType::Enum, char const*, int, char const*, char const*)'
tests.cpp:(.text+0xda): undefined reference to `doctest::detail::Result::~Result()'
tests.cpp:(.text+0xe6): undefined reference to `doctest::detail::ResultBuilder::log()'
tests.cpp:(.text+0xf2): undefined reference to `doctest::detail::ResultBuilder::react() const'
tests.cpp:(.text+0xfe): undefined reference to `doctest::detail::ResultBuilder::~ResultBuilder()'
tests.cpp:(.text+0x125): undefined reference to `doctest::detail::ResultBuilder::ResultBuilder(doctest::detail::assertType::Enum, char const*, int, char const*, char const*)'
tests.cpp:(.text+0x1c1): undefined reference to `doctest::detail::Result::~Result()'
tests.cpp:(.text+0x1cd): undefined reference to `doctest::detail::ResultBuilder::log()'
tests.cpp:(.text+0x1d9): undefined reference to `doctest::detail::ResultBuilder::react() const'
tests.cpp:(.text+0x1e5): undefined reference to `doctest::detail::ResultBuilder::~ResultBuilder()'
tests.cpp:(.text+0x210): undefined reference to `doctest::detail::Result::~Result()'
tests.cpp:(.text+0x22b): undefined reference to `doctest::detail::ResultBuilder::unexpectedExceptionOccurred()'
tests.cpp:(.text+0x24e): undefined reference to `doctest::detail::ResultBuilder::~ResultBuilder()'
tests.cpp:(.text+0x26b): undefined reference to `doctest::detail::Result::~Result()'
tests.cpp:(.text+0x286): undefined reference to `doctest::detail::ResultBuilder::unexpectedExceptionOccurred()'
tests.cpp:(.text+0x2a9): undefined reference to `doctest::detail::ResultBuilder::~ResultBuilder()'
tests.o: In function `_DOCTEST_ANON_FUNC_4()':
tests.cpp:(.text+0x305): undefined reference to `doctest::detail::ResultBuilder::ResultBuilder(doctest::detail::assertType::Enum, char const*, int, char const*, char const*)'
tests.cpp:(.text+0x39c): undefined reference to `doctest::detail::Result::~Result()'
tests.cpp:(.text+0x3a8): undefined reference to `doctest::detail::ResultBuilder::log()'
tests.cpp:(.text+0x3b4): undefined reference to `doctest::detail::ResultBuilder::react() const'
tests.cpp:(.text+0x3c0): undefined reference to `doctest::detail::ResultBuilder::~ResultBuilder()'
tests.cpp:(.text+0x3e7): undefined reference to `doctest::detail::ResultBuilder::ResultBuilder(doctest::detail::assertType::Enum, char const*, int, char const*, char const*)'
tests.cpp:(.text+0x47e): undefined reference to `doctest::detail::Result::~Result()'
tests.cpp:(.text+0x48a): undefined reference to `doctest::detail::ResultBuilder::log()'
tests.cpp:(.text+0x496): undefined reference to `doctest::detail::ResultBuilder::react() const'
tests.cpp:(.text+0x4a2): undefined reference to `doctest::detail::ResultBuilder::~ResultBuilder()'
tests.cpp:(.text+0x4cd): undefined reference to `doctest::detail::Result::~Result()'
tests.cpp:(.text+0x4e8): undefined reference to `doctest::detail::ResultBuilder::unexpectedExceptionOccurred()'
tests.cpp:(.text+0x50b): undefined reference to `doctest::detail::ResultBuilder::~ResultBuilder()'
tests.cpp:(.text+0x528): undefined reference to `doctest::detail::Result::~Result()'
tests.cpp:(.text+0x543): undefined reference to `doctest::detail::ResultBuilder::unexpectedExceptionOccurred()'
tests.cpp:(.text+0x566): undefined reference to `doctest::detail::ResultBuilder::~ResultBuilder()'
tests.o: In function `_DOCTEST_ANON_FUNC_6()':
tests.cpp:(.text+0x5c2): undefined reference to `doctest::detail::ResultBuilder::ResultBuilder(doctest::detail::assertType::Enum, char const*, int, char const*, char const*)'
tests.cpp:(.text+0x65c): undefined reference to `doctest::detail::Result::~Result()'
tests.cpp:(.text+0x668): undefined reference to `doctest::detail::ResultBuilder::log()'
tests.cpp:(.text+0x674): undefined reference to `doctest::detail::ResultBuilder::react() const'
tests.cpp:(.text+0x680): undefined reference to `doctest::detail::ResultBuilder::~ResultBuilder()'
tests.cpp:(.text+0x6a7): undefined reference to `doctest::detail::ResultBuilder::ResultBuilder(doctest::detail::assertType::Enum, char const*, int, char const*, char const*)'
tests.cpp:(.text+0x741): undefined reference to `doctest::detail::Result::~Result()'
tests.cpp:(.text+0x74d): undefined reference to `doctest::detail::ResultBuilder::log()'
tests.cpp:(.text+0x759): undefined reference to `doctest::detail::ResultBuilder::react() const'
tests.cpp:(.text+0x765): undefined reference to `doctest::detail::ResultBuilder::~ResultBuilder()'
tests.cpp:(.text+0x790): undefined reference to `doctest::detail::Result::~Result()'
tests.cpp:(.text+0x7ab): undefined reference to `doctest::detail::ResultBuilder::unexpectedExceptionOccurred()'
tests.cpp:(.text+0x7ce): undefined reference to `doctest::detail::ResultBuilder::~ResultBuilder()'
tests.cpp:(.text+0x7eb): undefined reference to `doctest::detail::Result::~Result()'
tests.cpp:(.text+0x806): undefined reference to `doctest::detail::ResultBuilder::unexpectedExceptionOccurred()'
tests.cpp:(.text+0x829): undefined reference to `doctest::detail::ResultBuilder::~ResultBuilder()'
tests.o: In function `_DOCTEST_ANON_FUNC_8()':
tests.cpp:(.text+0x885): undefined reference to `doctest::detail::ResultBuilder::ResultBuilder(doctest::detail::assertType::Enum, char const*, int, char const*, char const*)'
tests.cpp:(.text+0x924): undefined reference to `doctest::detail::Result::~Result()'
tests.cpp:(.text+0x930): undefined reference to `doctest::detail::ResultBuilder::log()'
tests.cpp:(.text+0x93c): undefined reference to `doctest::detail::ResultBuilder::react() const'
tests.cpp:(.text+0x948): undefined reference to `doctest::detail::ResultBuilder::~ResultBuilder()'
tests.cpp:(.text+0x96f): undefined reference to `doctest::detail::ResultBuilder::ResultBuilder(doctest::detail::assertType::Enum, char const*, int, char const*, char const*)'
tests.cpp:(.text+0xa0e): undefined reference to `doctest::detail::Result::~Result()'
tests.cpp:(.text+0xa1a): undefined reference to `doctest::detail::ResultBuilder::log()'
tests.cpp:(.text+0xa26): undefined reference to `doctest::detail::ResultBuilder::react() const'
tests.cpp:(.text+0xa32): undefined reference to `doctest::detail::ResultBuilder::~ResultBuilder()'
tests.cpp:(.text+0xa5d): undefined reference to `doctest::detail::Result::~Result()'
tests.cpp:(.text+0xa78): undefined reference to `doctest::detail::ResultBuilder::unexpectedExceptionOccurred()'
tests.cpp:(.text+0xa9b): undefined reference to `doctest::detail::ResultBuilder::~ResultBuilder()'
tests.cpp:(.text+0xab8): undefined reference to `doctest::detail::Result::~Result()'
tests.cpp:(.text+0xad3): undefined reference to `doctest::detail::ResultBuilder::unexpectedExceptionOccurred()'
tests.cpp:(.text+0xaf6): undefined reference to `doctest::detail::ResultBuilder::~ResultBuilder()'
tests.o: In function `_DOCTEST_ANON_FUNC_10()':
tests.cpp:(.text+0xb52): undefined reference to `doctest::detail::ResultBuilder::ResultBuilder(doctest::detail::assertType::Enum, char const*, int, char const*, char const*)'
tests.cpp:(.text+0xbe9): undefined reference to `doctest::detail::Result::~Result()'
tests.cpp:(.text+0xbf5): undefined reference to `doctest::detail::ResultBuilder::log()'
tests.cpp:(.text+0xc01): undefined reference to `doctest::detail::ResultBuilder::react() const'
tests.cpp:(.text+0xc0d): undefined reference to `doctest::detail::ResultBuilder::~ResultBuilder()'
tests.cpp:(.text+0xc34): undefined reference to `doctest::detail::ResultBuilder::ResultBuilder(doctest::detail::assertType::Enum, char const*, int, char const*, char const*)'
tests.cpp:(.text+0xccb): undefined reference to `doctest::detail::Result::~Result()'
tests.cpp:(.text+0xcd7): undefined reference to `doctest::detail::ResultBuilder::log()'
tests.cpp:(.text+0xce3): undefined reference to `doctest::detail::ResultBuilder::react() const'
tests.cpp:(.text+0xcef): undefined reference to `doctest::detail::ResultBuilder::~ResultBuilder()'
tests.cpp:(.text+0xd16): undefined reference to `doctest::detail::ResultBuilder::ResultBuilder(doctest::detail::assertType::Enum, char const*, int, char const*, char const*)'
tests.cpp:(.text+0xdad): undefined reference to `doctest::detail::Result::~Result()'
tests.cpp:(.text+0xdb9): undefined reference to `doctest::detail::ResultBuilder::log()'
tests.cpp:(.text+0xdc5): undefined reference to `doctest::detail::ResultBuilder::react() const'
tests.cpp:(.text+0xdd1): undefined reference to `doctest::detail::ResultBuilder::~ResultBuilder()'
tests.cpp:(.text+0xdfc): undefined reference to `doctest::detail::Result::~Result()'
tests.cpp:(.text+0xe17): undefined reference to `doctest::detail::ResultBuilder::unexpectedExceptionOccurred()'
tests.cpp:(.text+0xe3a): undefined reference to `doctest::detail::ResultBuilder::~ResultBuilder()'
tests.cpp:(.text+0xe57): undefined reference to `doctest::detail::Result::~Result()'
tests.cpp:(.text+0xe72): undefined reference to `doctest::detail::ResultBuilder::unexpectedExceptionOccurred()'
tests.cpp:(.text+0xe95): undefined reference to `doctest::detail::ResultBuilder::~ResultBuilder()'
tests.cpp:(.text+0xeb2): undefined reference to `doctest::detail::Result::~Result()'
tests.cpp:(.text+0xecd): undefined reference to `doctest::detail::ResultBuilder::unexpectedExceptionOccurred()'
tests.cpp:(.text+0xef0): undefined reference to `doctest::detail::ResultBuilder::~ResultBuilder()'
tests.o: In function `_DOCTEST_ANON_FUNC_12()':
tests.cpp:(.text+0xf4c): undefined reference to `doctest::detail::ResultBuilder::ResultBuilder(doctest::detail::assertType::Enum, char const*, int, char const*, char const*)'
tests.cpp:(.text+0xfe6): undefined reference to `doctest::detail::Result::~Result()'
tests.cpp:(.text+0xff2): undefined reference to `doctest::detail::ResultBuilder::log()'
tests.cpp:(.text+0xffe): undefined reference to `doctest::detail::ResultBuilder::react() const'
tests.cpp:(.text+0x100a): undefined reference to `doctest::detail::ResultBuilder::~ResultBuilder()'
tests.cpp:(.text+0x1031): undefined reference to `doctest::detail::ResultBuilder::ResultBuilder(doctest::detail::assertType::Enum, char const*, int, char const*, char const*)'
tests.cpp:(.text+0x10cb): undefined reference to `doctest::detail::Result::~Result()'
tests.cpp:(.text+0x10d7): undefined reference to `doctest::detail::ResultBuilder::log()'
tests.cpp:(.text+0x10e3): undefined reference to `doctest::detail::ResultBuilder::react() const'
tests.cpp:(.text+0x10ef): undefined reference to `doctest::detail::ResultBuilder::~ResultBuilder()'
tests.cpp:(.text+0x111a): undefined reference to `doctest::detail::Result::~Result()'
tests.cpp:(.text+0x1135): undefined reference to `doctest::detail::ResultBuilder::unexpectedExceptionOccurred()'
tests.cpp:(.text+0x1158): undefined reference to `doctest::detail::ResultBuilder::~ResultBuilder()'
tests.cpp:(.text+0x1175): undefined reference to `doctest::detail::Result::~Result()'
tests.cpp:(.text+0x1190): undefined reference to `doctest::detail::ResultBuilder::unexpectedExceptionOccurred()'
tests.cpp:(.text+0x11b3): undefined reference to `doctest::detail::ResultBuilder::~ResultBuilder()'
tests.o: In function `_DOCTEST_ANON_FUNC_14()':
tests.cpp:(.text+0x120f): undefined reference to `doctest::detail::ResultBuilder::ResultBuilder(doctest::detail::assertType::Enum, char const*, int, char const*, char const*)'
tests.cpp:(.text+0x12ae): undefined reference to `doctest::detail::Result::~Result()'
tests.cpp:(.text+0x12ba): undefined reference to `doctest::detail::ResultBuilder::log()'
tests.cpp:(.text+0x12c6): undefined reference to `doctest::detail::ResultBuilder::react() const'
tests.cpp:(.text+0x12d2): undefined reference to `doctest::detail::ResultBuilder::~ResultBuilder()'
tests.cpp:(.text+0x12f9): undefined reference to `doctest::detail::ResultBuilder::ResultBuilder(doctest::detail::assertType::Enum, char const*, int, char const*, char const*)'
tests.cpp:(.text+0x1398): undefined reference to `doctest::detail::Result::~Result()'
tests.cpp:(.text+0x13a4): undefined reference to `doctest::detail::ResultBuilder::log()'
tests.cpp:(.text+0x13b0): undefined reference to `doctest::detail::ResultBuilder::react() const'
tests.cpp:(.text+0x13bc): undefined reference to `doctest::detail::ResultBuilder::~ResultBuilder()'
tests.cpp:(.text+0x13e7): undefined reference to `doctest::detail::Result::~Result()'
tests.cpp:(.text+0x1402): undefined reference to `doctest::detail::ResultBuilder::unexpectedExceptionOccurred()'
tests.cpp:(.text+0x1425): undefined reference to `doctest::detail::ResultBuilder::~ResultBuilder()'
tests.cpp:(.text+0x1442): undefined reference to `doctest::detail::Result::~Result()'
tests.cpp:(.text+0x145d): undefined reference to `doctest::detail::ResultBuilder::unexpectedExceptionOccurred()'
tests.cpp:(.text+0x1480): undefined reference to `doctest::detail::ResultBuilder::~ResultBuilder()'
tests.o: In function `__static_initialization_and_destruction_0(int, int)':
tests.cpp:(.text+0x1526): undefined reference to `doctest::detail::setTestSuite(doctest::detail::TestSuite const&)'
tests.cpp:(.text+0x1531): undefined reference to `doctest_detail_test_suite_ns::getCurrentTestSuite()'
tests.cpp:(.text+0x155e): undefined reference to `doctest::detail::TestCase::TestCase(void (*)(), char const*, unsigned int, doctest::detail::TestSuite const&, char const*, int)'
tests.cpp:(.text+0x1573): undefined reference to `doctest::detail::TestCase::operator*(char const*)'
tests.cpp:(.text+0x157b): undefined reference to `doctest::detail::regTest(doctest::detail::TestCase const&)'
tests.cpp:(.text+0x1592): undefined reference to `doctest_detail_test_suite_ns::getCurrentTestSuite()'
tests.cpp:(.text+0x15bf): undefined reference to `doctest::detail::TestCase::TestCase(void (*)(), char const*, unsigned int, doctest::detail::TestSuite const&, char const*, int)'
tests.cpp:(.text+0x15d4): undefined reference to `doctest::detail::TestCase::operator*(char const*)'
tests.cpp:(.text+0x15dc): undefined reference to `doctest::detail::regTest(doctest::detail::TestCase const&)'
tests.cpp:(.text+0x15f3): undefined reference to `doctest_detail_test_suite_ns::getCurrentTestSuite()'
tests.cpp:(.text+0x1620): undefined reference to `doctest::detail::TestCase::TestCase(void (*)(), char const*, unsigned int, doctest::detail::TestSuite const&, char const*, int)'
tests.cpp:(.text+0x1635): undefined reference to `doctest::detail::TestCase::operator*(char const*)'
tests.cpp:(.text+0x163d): undefined reference to `doctest::detail::regTest(doctest::detail::TestCase const&)'
tests.cpp:(.text+0x1654): undefined reference to `doctest_detail_test_suite_ns::getCurrentTestSuite()'
tests.cpp:(.text+0x1681): undefined reference to `doctest::detail::TestCase::TestCase(void (*)(), char const*, unsigned int, doctest::detail::TestSuite const&, char const*, int)'
tests.cpp:(.text+0x1696): undefined reference to `doctest::detail::TestCase::operator*(char const*)'
tests.cpp:(.text+0x169e): undefined reference to `doctest::detail::regTest(doctest::detail::TestCase const&)'
tests.cpp:(.text+0x16b5): undefined reference to `doctest_detail_test_suite_ns::getCurrentTestSuite()'
tests.cpp:(.text+0x16e2): undefined reference to `doctest::detail::TestCase::TestCase(void (*)(), char const*, unsigned int, doctest::detail::TestSuite const&, char const*, int)'
tests.cpp:(.text+0x16f7): undefined reference to `doctest::detail::TestCase::operator*(char const*)'
tests.cpp:(.text+0x16ff): undefined reference to `doctest::detail::regTest(doctest::detail::TestCase const&)'
tests.cpp:(.text+0x1716): undefined reference to `doctest_detail_test_suite_ns::getCurrentTestSuite()'
tests.cpp:(.text+0x1743): undefined reference to `doctest::detail::TestCase::TestCase(void (*)(), char const*, unsigned int, doctest::detail::TestSuite const&, char const*, int)'
tests.cpp:(.text+0x1758): undefined reference to `doctest::detail::TestCase::operator*(char const*)'
tests.cpp:(.text+0x1760): undefined reference to `doctest::detail::regTest(doctest::detail::TestCase const&)'
tests.cpp:(.text+0x1777): undefined reference to `doctest_detail_test_suite_ns::getCurrentTestSuite()'
tests.cpp:(.text+0x17a4): undefined reference to `doctest::detail::TestCase::TestCase(void (*)(), char const*, unsigned int, doctest::detail::TestSuite const&, char const*, int)'
tests.cpp:(.text+0x17b9): undefined reference to `doctest::detail::TestCase::operator*(char const*)'
tests.cpp:(.text+0x17c1): undefined reference to `doctest::detail::regTest(doctest::detail::TestCase const&)'
tests.o: In function `doctest::String::String(doctest::String const&)':
tests.cpp:(.text._ZN7doctest6StringC2ERKS0_[_ZN7doctest6StringC5ERKS0_]+0x1f): undefined reference to `doctest::String::copy(doctest::String const&)'
tests.o: In function `doctest::String::operator+(doctest::String const&) const':
tests.cpp:(.text._ZNK7doctest6StringplERKS0_[_ZNK7doctest6StringplERKS0_]+0x46): undefined reference to `doctest::String::operator+=(doctest::String const&)'
tests.o: In function `doctest::detail::ResultBuilder::setResult(doctest::detail::Result const&)':
tests.cpp:(.text._ZN7doctest6detail13ResultBuilder9setResultERKNS0_6ResultE[_ZN7doctest6detail13ResultBuilder9setResultERKNS0_6ResultE]+0x23): undefined reference to `doctest::detail::Result::operator=(doctest::detail::Result const&)'
tests.o: In function `doctest::detail::Result doctest::detail::Expression_lhs<bool const&>::operator==<bool>(bool const&)':
tests.cpp:(.text._ZN7doctest6detail14Expression_lhsIRKbEeqIbEENS0_6ResultERKT_[_ZN7doctest6detail14Expression_lhsIRKbEeqIbEENS0_6ResultERKT_]+0x5d): undefined reference to `doctest::detail::getTestsContextState()'
tests.o: In function `doctest::detail::Result doctest::detail::Expression_lhs<int const&>::operator==<int>(int const&)':
tests.cpp:(.text._ZN7doctest6detail14Expression_lhsIRKiEeqIiEENS0_6ResultERKT_[_ZN7doctest6detail14Expression_lhsIRKiEeqIiEENS0_6ResultERKT_]+0x5b): undefined reference to `doctest::detail::getTestsContextState()'
tests.o: In function `doctest::String doctest::detail::stringifyBinaryExpr<bool, bool>(bool const&, char const*, bool const&)':
tests.cpp:(.text._ZN7doctest6detail19stringifyBinaryExprIbbEENS_6StringERKT_PKcRKT0_[_ZN7doctest6detail19stringifyBinaryExprIbbEENS_6StringERKT_PKcRKT0_]+0x4e): undefined reference to `doctest::toString(bool)'
tests.cpp:(.text._ZN7doctest6detail19stringifyBinaryExprIbbEENS_6StringERKT_PKcRKT0_[_ZN7doctest6detail19stringifyBinaryExprIbbEENS_6StringERKT_PKcRKT0_]+0x64): undefined reference to `doctest::String::String(char const*)'
tests.cpp:(.text._ZN7doctest6detail19stringifyBinaryExprIbbEENS_6StringERKT_PKcRKT0_[_ZN7doctest6detail19stringifyBinaryExprIbbEENS_6StringERKT_PKcRKT0_]+0x82): undefined reference to `doctest::toString(bool)'
tests.o: In function `doctest::String doctest::detail::stringifyBinaryExpr<int, int>(int const&, char const*, int const&)':
tests.cpp:(.text._ZN7doctest6detail19stringifyBinaryExprIiiEENS_6StringERKT_PKcRKT0_[_ZN7doctest6detail19stringifyBinaryExprIiiEENS_6StringERKT_PKcRKT0_]+0x4a): undefined reference to `doctest::toString(int)'
tests.cpp:(.text._ZN7doctest6detail19stringifyBinaryExprIiiEENS_6StringERKT_PKcRKT0_[_ZN7doctest6detail19stringifyBinaryExprIiiEENS_6StringERKT_PKcRKT0_]+0x60): undefined reference to `doctest::String::String(char const*)'
tests.cpp:(.text._ZN7doctest6detail19stringifyBinaryExprIiiEENS_6StringERKT_PKcRKT0_[_ZN7doctest6detail19stringifyBinaryExprIiiEENS_6StringERKT_PKcRKT0_]+0x7a): undefined reference to `doctest::toString(int)'
collect2: error: ld returned 1 exit status
Makefile:7: recipe for target 'tests' failed
make: *** [tests] Error 1
